<?xml version="1.0" encoding="UTF-8"?>
<!-- Generated by org.testng.reporters.JUnitXMLReporter -->
<testsuite ignored="0" hostname="sangameshs-MacBook-Air.local" failures="0" tests="4" name="Default test" time="10.56" errors="0" timestamp="2026-04-24T15:18:13 IST">
  <testcase classname="tests.InventryTest" name="testAboutPageredirect" time="0.614"/>
  <testcase classname="tests.InventryTest" name="testClickOnAllItemsLink" time="0.635"/>
  <testcase classname="tests.InventryTest" name="testIsHambergerMenuOpen" time="0.01"/>
  <testcase classname="tests.InventryTest" name="testPresenceOfHamBurgerButton" time="0.016"/>
</testsuite> <!-- Default test -->
