<?xml version="1.0" encoding="UTF-8"?>
<!-- Generated by org.testng.reporters.JUnitXMLReporter -->
<testsuite ignored="4" hostname="sangameshs-MacBook-Air.local" failures="0" tests="1" name="Default test" time="2.772" errors="0" timestamp="2026-04-25T08:38:29 IST">
  <testcase classname="tests.InventryTest" name="testDropdownContent" time="0.419"/>
  <testcase classname="tests.InventryTest" name="testAboutPageredirect" time="0.0">
    <ignored/>
  </testcase> <!-- testAboutPageredirect -->
  <testcase classname="tests.InventryTest" name="testIsHambergerMenuOpen" time="0.0">
    <ignored/>
  </testcase> <!-- testIsHambergerMenuOpen -->
  <testcase classname="tests.InventryTest" name="testPresenceOfHamBurgerButton" time="0.0">
    <ignored/>
  </testcase> <!-- testPresenceOfHamBurgerButton -->
  <testcase classname="tests.InventryTest" name="testClickOnAllItemsLink" time="0.0">
    <ignored/>
  </testcase> <!-- testClickOnAllItemsLink -->
</testsuite> <!-- Default test -->
