<?xml version="1.0" encoding="UTF-8"?>
<!-- Generated by org.testng.reporters.JUnitXMLReporter -->
<testsuite ignored="0" hostname="sangameshs-MacBook-Air.local" failures="0" tests="7" name="InventoryTests" time="11.327" errors="0" timestamp="2026-05-01T13:09:50 IST">
  <testcase classname="tests.InventryTest" name="testAboutPageredirect" time="0.623"/>
  <testcase classname="tests.InventryTest" name="testClickOnAllItemsLink" time="0.631"/>
  <testcase classname="tests.InventryTest" name="testDropdownContent" time="0.459"/>
  <testcase classname="tests.InventryTest" name="testIsHambergerMenuOpen" time="0.013"/>
  <testcase classname="tests.InventryTest" name="testPresenceOfHamBurgerButton" time="0.021"/>
  <testcase classname="tests.InventryTest" name="testSortByNameAscending" time="0.04"/>
  <testcase classname="tests.InventryTest" name="testSortByNamesDesscending" time="0.126"/>
</testsuite> <!-- InventoryTests -->
