<?xml version="1.0" encoding="UTF-8"?>
<!-- Generated by org.testng.reporters.JUnitXMLReporter -->
<testsuite ignored="0" hostname="sangameshs-MacBook-Air.local" failures="0" tests="3" name="LoginTests" time="5.143" errors="0" timestamp="2026-05-01T13:09:39 IST">
  <testcase classname="tests.LoginTest" name="loginWithInvalidCredentials" time="0.195"/>
  <testcase classname="tests.LoginTest" name="loginWithLockedOutUser" time="0.174"/>
  <testcase classname="tests.LoginTest" name="loginWithValidCredentials" time="0.191"/>
</testsuite> <!-- LoginTests -->
