<?xml version="1.0" encoding="UTF-8"?>
<!-- Generated by org.testng.reporters.JUnitXMLReporter -->
<testsuite ignored="0" hostname="sangameshs-MacBook-Air.local" failures="1" tests="3" name="Test" time="2.463" errors="0" timestamp="2026-05-01T12:15:02 IST">
  <testcase classname="tests.LoginTest" name="loginWithLockedOutUser" time="0.324">
    <failure type="java.lang.AssertionError" message="expected:&amp;lt;Epic sadface: Username and password do not match any user in this service&amp;gt; but was:&amp;lt;Epic sadface: Sorry, this user has been locked out.&amp;gt;">
      <![CDATA[java.lang.AssertionError: expected:<Epic sadface: Username and password do not match any user in this service> but was:<Epic sadface: Sorry, this user has been locked out.>
at tests.LoginTest.loginWithLockedOutUser(LoginTest.java:39)
at java.base/java.util.concurrent.Executors$RunnableAdapter.call(Executors.java:572)
at java.base/java.util.concurrent.FutureTask.run(FutureTask.java:317)
at java.base/java.util.concurrent.ThreadPoolExecutor.runWorker(ThreadPoolExecutor.java:1144)
at java.base/java.util.concurrent.ThreadPoolExecutor$Worker.run(ThreadPoolExecutor.java:642)
at java.base/java.lang.Thread.run(Thread.java:1583)
... Removed 13 stack frames]]>
    </failure>
  </testcase> <!-- loginWithLockedOutUser -->
  <testcase classname="tests.LoginTest" name="loginWithInvalidCredentials" time="0.349"/>
  <testcase classname="tests.LoginTest" name="loginWithValidCredentials" time="0.391"/>
</testsuite> <!-- Test -->
