<?xml version="1.0" encoding="UTF-8"?>
<testng-results ignored="0" total="4" passed="4" failed="0" skipped="0">
  <reporter-output>
  </reporter-output>
  <suite started-at="2026-04-24T15:18:03 IST" name="Default suite" finished-at="2026-04-24T15:18:13 IST" duration-ms="10560">
    <groups>
    </groups>
    <test started-at="2026-04-24T15:18:03 IST" name="Default test" finished-at="2026-04-24T15:18:13 IST" duration-ms="10560">
      <class name="tests.InventryTest">
        <test-method is-config="true" signature="setUp(java.lang.String,java.lang.String)[pri:0, instance:tests.InventryTest@f5ac9e4]" started-at="2026-04-24T15:18:03 IST" name="setUp" finished-at="2026-04-24T15:18:07 IST" duration-ms="3681" status="PASS">
          <params>
            <param index="0">
              <value>
                <![CDATA[chrome]]>
              </value>
            </param>
            <param index="1">
              <value>
                <![CDATA[false]]>
              </value>
            </param>
          </params>
          <reporter-output>
          </reporter-output>
        </test-method> <!-- setUp -->
        <test-method is-config="true" signature="setUp()[pri:0, instance:tests.InventryTest@f5ac9e4]" started-at="2026-04-24T15:18:07 IST" name="setUp" finished-at="2026-04-24T15:18:07 IST" duration-ms="155" status="PASS">
          <reporter-output>
          </reporter-output>
        </test-method> <!-- setUp -->
        <test-method signature="testAboutPageredirect()[pri:0, instance:tests.InventryTest@f5ac9e4]" started-at="2026-04-24T15:18:07 IST" name="testAboutPageredirect" finished-at="2026-04-24T15:18:07 IST" duration-ms="614" status="PASS">
          <reporter-output>
          </reporter-output>
        </test-method> <!-- testAboutPageredirect -->
        <test-method is-config="true" signature="tearDown()[pri:0, instance:tests.InventryTest@f5ac9e4]" started-at="2026-04-24T15:18:07 IST" name="tearDown" finished-at="2026-04-24T15:18:07 IST" duration-ms="88" status="PASS">
          <reporter-output>
          </reporter-output>
        </test-method> <!-- tearDown -->
        <test-method is-config="true" signature="setUp(java.lang.String,java.lang.String)[pri:0, instance:tests.InventryTest@f5ac9e4]" started-at="2026-04-24T15:18:07 IST" name="setUp" finished-at="2026-04-24T15:18:09 IST" duration-ms="1792" status="PASS">
          <params>
            <param index="0">
              <value>
                <![CDATA[chrome]]>
              </value>
            </param>
            <param index="1">
              <value>
                <![CDATA[false]]>
              </value>
            </param>
          </params>
          <reporter-output>
          </reporter-output>
        </test-method> <!-- setUp -->
        <test-method is-config="true" signature="setUp()[pri:0, instance:tests.InventryTest@f5ac9e4]" started-at="2026-04-24T15:18:09 IST" name="setUp" finished-at="2026-04-24T15:18:09 IST" duration-ms="138" status="PASS">
          <reporter-output>
          </reporter-output>
        </test-method> <!-- setUp -->
        <test-method signature="testClickOnAllItemsLink()[pri:0, instance:tests.InventryTest@f5ac9e4]" started-at="2026-04-24T15:18:09 IST" name="testClickOnAllItemsLink" finished-at="2026-04-24T15:18:10 IST" duration-ms="635" status="PASS">
          <reporter-output>
          </reporter-output>
        </test-method> <!-- testClickOnAllItemsLink -->
        <test-method is-config="true" signature="tearDown()[pri:0, instance:tests.InventryTest@f5ac9e4]" started-at="2026-04-24T15:18:10 IST" name="tearDown" finished-at="2026-04-24T15:18:10 IST" duration-ms="87" status="PASS">
          <reporter-output>
          </reporter-output>
        </test-method> <!-- tearDown -->
        <test-method is-config="true" signature="setUp(java.lang.String,java.lang.String)[pri:0, instance:tests.InventryTest@f5ac9e4]" started-at="2026-04-24T15:18:10 IST" name="setUp" finished-at="2026-04-24T15:18:12 IST" duration-ms="1538" status="PASS">
          <params>
            <param index="0">
              <value>
                <![CDATA[chrome]]>
              </value>
            </param>
            <param index="1">
              <value>
                <![CDATA[false]]>
              </value>
            </param>
          </params>
          <reporter-output>
          </reporter-output>
        </test-method> <!-- setUp -->
        <test-method is-config="true" signature="setUp()[pri:0, instance:tests.InventryTest@f5ac9e4]" started-at="2026-04-24T15:18:12 IST" name="setUp" finished-at="2026-04-24T15:18:12 IST" duration-ms="145" status="PASS">
          <reporter-output>
          </reporter-output>
        </test-method> <!-- setUp -->
        <test-method signature="testIsHambergerMenuOpen()[pri:0, instance:tests.InventryTest@f5ac9e4]" started-at="2026-04-24T15:18:12 IST" name="testIsHambergerMenuOpen" finished-at="2026-04-24T15:18:12 IST" duration-ms="10" status="PASS">
          <reporter-output>
          </reporter-output>
        </test-method> <!-- testIsHambergerMenuOpen -->
        <test-method is-config="true" signature="tearDown()[pri:0, instance:tests.InventryTest@f5ac9e4]" started-at="2026-04-24T15:18:12 IST" name="tearDown" finished-at="2026-04-24T15:18:12 IST" duration-ms="86" status="PASS">
          <reporter-output>
          </reporter-output>
        </test-method> <!-- tearDown -->
        <test-method is-config="true" signature="setUp(java.lang.String,java.lang.String)[pri:0, instance:tests.InventryTest@f5ac9e4]" started-at="2026-04-24T15:18:12 IST" name="setUp" finished-at="2026-04-24T15:18:13 IST" duration-ms="1327" status="PASS">
          <params>
            <param index="0">
              <value>
                <![CDATA[chrome]]>
              </value>
            </param>
            <param index="1">
              <value>
                <![CDATA[false]]>
              </value>
            </param>
          </params>
          <reporter-output>
          </reporter-output>
        </test-method> <!-- setUp -->
        <test-method is-config="true" signature="setUp()[pri:0, instance:tests.InventryTest@f5ac9e4]" started-at="2026-04-24T15:18:13 IST" name="setUp" finished-at="2026-04-24T15:18:13 IST" duration-ms="143" status="PASS">
          <reporter-output>
          </reporter-output>
        </test-method> <!-- setUp -->
        <test-method signature="testPresenceOfHamBurgerButton()[pri:0, instance:tests.InventryTest@f5ac9e4]" started-at="2026-04-24T15:18:13 IST" name="testPresenceOfHamBurgerButton" finished-at="2026-04-24T15:18:13 IST" duration-ms="16" status="PASS">
          <reporter-output>
          </reporter-output>
        </test-method> <!-- testPresenceOfHamBurgerButton -->
        <test-method is-config="true" signature="tearDown()[pri:0, instance:tests.InventryTest@f5ac9e4]" started-at="2026-04-24T15:18:13 IST" name="tearDown" finished-at="2026-04-24T15:18:13 IST" duration-ms="85" status="PASS">
          <reporter-output>
          </reporter-output>
        </test-method> <!-- tearDown -->
      </class> <!-- tests.InventryTest -->
    </test> <!-- Default test -->
  </suite> <!-- Default suite -->
</testng-results>
