<?xml version="1.0" encoding="UTF-8"?>
<testng-results ignored="0" total="1" passed="1" failed="0" skipped="0">
  <reporter-output>
  </reporter-output>
  <suite started-at="2026-04-23T23:50:02 IST" name="Default suite" finished-at="2026-04-23T23:50:04 IST" duration-ms="2152">
    <groups>
    </groups>
    <test started-at="2026-04-23T23:50:02 IST" name="Default test" finished-at="2026-04-23T23:50:04 IST" duration-ms="2152">
      <class name="tests.LoginTest">
        <test-method is-config="true" signature="setUp(java.lang.String,java.lang.String)[pri:0, instance:tests.LoginTest@123ef382]" started-at="2026-04-23T23:50:02 IST" name="setUp" finished-at="2026-04-23T23:50:04 IST" duration-ms="1860" status="PASS">
          <params>
            <param index="0">
              <value>
                <![CDATA[chrome]]>
              </value>
            </param>
            <param index="1">
              <value>
                <![CDATA[false]]>
              </value>
            </param>
          </params>
          <reporter-output>
          </reporter-output>
        </test-method> <!-- setUp -->
        <test-method signature="loginTest()[pri:0, instance:tests.LoginTest@123ef382]" started-at="2026-04-23T23:50:04 IST" name="loginTest" finished-at="2026-04-23T23:50:04 IST" duration-ms="188" status="PASS">
          <reporter-output>
          </reporter-output>
        </test-method> <!-- loginTest -->
        <test-method is-config="true" signature="tearDown()[pri:0, instance:tests.LoginTest@123ef382]" started-at="2026-04-23T23:50:04 IST" name="tearDown" finished-at="2026-04-23T23:50:04 IST" duration-ms="89" status="PASS">
          <reporter-output>
          </reporter-output>
        </test-method> <!-- tearDown -->
      </class> <!-- tests.LoginTest -->
    </test> <!-- Default test -->
  </suite> <!-- Default suite -->
</testng-results>
