<?xml version="1.0" encoding="UTF-8"?>
<!-- Generated by org.testng.reporters.JUnitReportReporter -->
<testsuite hostname="sangameshs-MacBook-Air.local" failures="0" tests="4" name="tests.InventryTest" time="10.540" errors="0" timestamp="2026-04-24T15:18:13 IST" skipped="0">
  <testcase classname="tests.InventryTest" name="testIsHambergerMenuOpen" time="1.562"/>
  <testcase classname="tests.InventryTest" name="testPresenceOfHamBurgerButton" time="3.930"/>
  <testcase classname="tests.InventryTest" name="testClickOnAllItemsLink" time="2.414"/>
  <testcase classname="tests.InventryTest" name="testAboutPageredirect" time="2.634"/>
</testsuite> <!-- tests.InventryTest -->
