<?xml version="1.0" encoding="UTF-8"?>
<!-- Generated by org.testng.reporters.JUnitReportReporter -->
<testsuite hostname="sangameshs-MacBook-Air.local" failures="0" tests="7" name="tests.InventryTest" time="11.317" errors="0" timestamp="2026-05-01T13:09:51 IST" skipped="0">
  <testcase classname="tests.InventryTest" name="testSortByNameAscending" time="1.333"/>
  <testcase classname="tests.InventryTest" name="testSortByNamesDesscending" time="1.522"/>
  <testcase classname="tests.InventryTest" name="testDropdownContent" time="1.804"/>
  <testcase classname="tests.InventryTest" name="testClickOnAllItemsLink" time="2.003"/>
  <testcase classname="tests.InventryTest" name="testPresenceOfHamBurgerButton" time="1.411"/>
  <testcase classname="tests.InventryTest" name="testIsHambergerMenuOpen" time="1.306"/>
  <testcase classname="tests.InventryTest" name="testAboutPageredirect" time="1.938"/>
</testsuite> <!-- tests.InventryTest -->
